<?xml version="1.0" encoding="UTF-8"?>
<!-- Generated by org.testng.reporters.JUnitReportReporter -->
<testsuite hostname="LAPTOP-0NK46CCH" failures="0" tests="2" name="Chris_FinalExam_Project2.Chris_FinalExam_Project2.FirstScript" time="0.015" errors="0" timestamp="2025-06-12T18:28:40 EDT" skipped="0">
  <testcase classname="Chris_FinalExam_Project2.Chris_FinalExam_Project2.FirstScript" name="testMethod" time="0.010"/>
  <system-out/>
  <testcase classname="Chris_FinalExam_Project2.Chris_FinalExam_Project2.FirstScript" name="testMethod2" time="0.005"/>
  <system-out/>
</testsuite> <!-- Chris_FinalExam_Project2.Chris_FinalExam_Project2.FirstScript -->
