<?xml version="1.0" encoding="UTF-8"?>
<!-- Generated by org.testng.reporters.JUnitReportReporter -->
<testsuite hostname="LAPTOP-0NK46CCH" failures="0" tests="1" name="Chris_FinalExam_Project2.Chris_FinalExam_Project2.E_Part1" time="5.360" errors="0" timestamp="2025-06-12T18:46:42 EDT" skipped="0">
  <testcase classname="Chris_FinalExam_Project2.Chris_FinalExam_Project2.E_Part1" name="testBondsTables" time="5.360"/>
  <system-out/>
</testsuite> <!-- Chris_FinalExam_Project2.Chris_FinalExam_Project2.E_Part1 -->
