<?xml version="1.0" encoding="UTF-8"?>
<!-- Generated by org.testng.reporters.JUnitReportReporter -->
<testsuite hostname="LAPTOP-0NK46CCH" failures="0" tests="1" name="Chris_FinalExam_Project2.Chris_FinalExam_Project2.Annotations" time="0.010" errors="0" timestamp="2025-06-12T18:30:19 EDT" skipped="0">
  <testcase classname="Chris_FinalExam_Project2.Chris_FinalExam_Project2.Annotations" name="f" time="0.010"/>
  <system-out/>
</testsuite> <!-- Chris_FinalExam_Project2.Chris_FinalExam_Project2.Annotations -->
